{"C:\\Users\\Mirsat\\Desktop\\WORK\\articonf-ui\\src\\Context.js": {"path":"C:\\Users\\Mirsat\\Desktop\\WORK\\articonf-ui\\src\\Context.js","statementMap":{"0":{"start":{"line":13,"column":16},"end":{"line":13,"column":37}},"1":{"start":{"line":14,"column":20},"end":{"line":14,"column":37}},"2":{"start":{"line":17,"column":40},"end":{"line":17,"column":54}},"3":{"start":{"line":18,"column":36},"end":{"line":18,"column":51}},"4":{"start":{"line":19,"column":50},"end":{"line":19,"column":60}},"5":{"start":{"line":20,"column":64},"end":{"line":20,"column":74}},"6":{"start":{"line":21,"column":58},"end":{"line":21,"column":68}},"7":{"start":{"line":22,"column":62},"end":{"line":22,"column":72}},"8":{"start":{"line":23,"column":66},"end":{"line":23,"column":76}},"9":{"start":{"line":24,"column":48},"end":{"line":24,"column":58}},"10":{"start":{"line":25,"column":32},"end":{"line":25,"column":44}},"11":{"start":{"line":26,"column":52},"end":{"line":26,"column":67}},"12":{"start":{"line":27,"column":36},"end":{"line":27,"column":46}},"13":{"start":{"line":28,"column":38},"end":{"line":28,"column":48}},"14":{"start":{"line":29,"column":32},"end":{"line":29,"column":42}},"15":{"start":{"line":30,"column":26},"end":{"line":30,"column":36}},"16":{"start":{"line":31,"column":40},"end":{"line":31,"column":50}},"17":{"start":{"line":33,"column":63},"end":{"line":33,"column":73}},"18":{"start":{"line":34,"column":13},"end":{"line":34,"column":39}},"19":{"start":{"line":36,"column":23},"end":{"line":36,"column":35}},"20":{"start":{"line":38,"column":15},"end":{"line":38,"column":37}},"21":{"start":{"line":39,"column":18},"end":{"line":39,"column":34}},"22":{"start":{"line":40,"column":20},"end":{"line":40,"column":38}},"23":{"start":{"line":42,"column":19},"end":{"line":42,"column":68}},"24":{"start":{"line":43,"column":2},"end":{"line":43,"column":45}},"25":{"start":{"line":45,"column":2},"end":{"line":51,"column":39}},"26":{"start":{"line":46,"column":4},"end":{"line":50,"column":5}},"27":{"start":{"line":47,"column":6},"end":{"line":49,"column":8}},"28":{"start":{"line":53,"column":2},"end":{"line":63,"column":8}},"29":{"start":{"line":54,"column":4},"end":{"line":54,"column":49}},"30":{"start":{"line":55,"column":4},"end":{"line":55,"column":47}},"31":{"start":{"line":56,"column":4},"end":{"line":62,"column":6}},"32":{"start":{"line":57,"column":6},"end":{"line":57,"column":25}},"33":{"start":{"line":58,"column":6},"end":{"line":58,"column":35}},"34":{"start":{"line":59,"column":6},"end":{"line":59,"column":59}},"35":{"start":{"line":60,"column":6},"end":{"line":60,"column":45}},"36":{"start":{"line":61,"column":6},"end":{"line":61,"column":18}},"37":{"start":{"line":91,"column":2},"end":{"line":91,"column":120}},"38":{"start":{"line":111,"column":2},"end":{"line":111,"column":115}},"39":{"start":{"line":147,"column":4},"end":{"line":147,"column":22}},"40":{"start":{"line":148,"column":12},"end":{"line":148,"column":25}},"41":{"start":{"line":149,"column":4},"end":{"line":149,"column":36}},"42":{"start":{"line":150,"column":18},"end":{"line":152,"column":6}},"43":{"start":{"line":154,"column":4},"end":{"line":154,"column":47}},"44":{"start":{"line":156,"column":27},"end":{"line":165,"column":5}},"45":{"start":{"line":167,"column":4},"end":{"line":176,"column":8}},"46":{"start":{"line":169,"column":8},"end":{"line":169,"column":51}},"47":{"start":{"line":170,"column":8},"end":{"line":170,"column":27}},"48":{"start":{"line":173,"column":8},"end":{"line":173,"column":26}},"49":{"start":{"line":174,"column":8},"end":{"line":174,"column":20}},"50":{"start":{"line":175,"column":8},"end":{"line":175,"column":27}},"51":{"start":{"line":181,"column":4},"end":{"line":181,"column":22}},"52":{"start":{"line":182,"column":12},"end":{"line":182,"column":25}},"53":{"start":{"line":183,"column":4},"end":{"line":183,"column":36}},"54":{"start":{"line":184,"column":4},"end":{"line":184,"column":47}},"55":{"start":{"line":186,"column":27},"end":{"line":191,"column":5}},"56":{"start":{"line":193,"column":4},"end":{"line":203,"column":7}},"57":{"start":{"line":195,"column":8},"end":{"line":195,"column":44}},"58":{"start":{"line":196,"column":8},"end":{"line":196,"column":40}},"59":{"start":{"line":197,"column":8},"end":{"line":197,"column":27}},"60":{"start":{"line":200,"column":8},"end":{"line":200,"column":35}},"61":{"start":{"line":201,"column":8},"end":{"line":201,"column":27}},"62":{"start":{"line":202,"column":8},"end":{"line":202,"column":20}},"63":{"start":{"line":209,"column":4},"end":{"line":209,"column":22}},"64":{"start":{"line":210,"column":12},"end":{"line":210,"column":25}},"65":{"start":{"line":211,"column":4},"end":{"line":211,"column":36}},"66":{"start":{"line":212,"column":4},"end":{"line":212,"column":47}},"67":{"start":{"line":213,"column":27},"end":{"line":218,"column":5}},"68":{"start":{"line":220,"column":4},"end":{"line":229,"column":7}},"69":{"start":{"line":222,"column":8},"end":{"line":222,"column":47}},"70":{"start":{"line":223,"column":8},"end":{"line":223,"column":27}},"71":{"start":{"line":226,"column":8},"end":{"line":226,"column":35}},"72":{"start":{"line":227,"column":8},"end":{"line":227,"column":27}},"73":{"start":{"line":228,"column":8},"end":{"line":228,"column":20}},"74":{"start":{"line":234,"column":4},"end":{"line":234,"column":22}},"75":{"start":{"line":235,"column":12},"end":{"line":235,"column":25}},"76":{"start":{"line":236,"column":4},"end":{"line":236,"column":36}},"77":{"start":{"line":237,"column":4},"end":{"line":237,"column":47}},"78":{"start":{"line":238,"column":27},"end":{"line":243,"column":5}},"79":{"start":{"line":245,"column":4},"end":{"line":254,"column":7}},"80":{"start":{"line":247,"column":8},"end":{"line":247,"column":46}},"81":{"start":{"line":248,"column":8},"end":{"line":248,"column":27}},"82":{"start":{"line":251,"column":8},"end":{"line":251,"column":35}},"83":{"start":{"line":252,"column":8},"end":{"line":252,"column":27}},"84":{"start":{"line":253,"column":8},"end":{"line":253,"column":20}},"85":{"start":{"line":259,"column":4},"end":{"line":259,"column":22}},"86":{"start":{"line":260,"column":12},"end":{"line":260,"column":25}},"87":{"start":{"line":261,"column":4},"end":{"line":261,"column":36}},"88":{"start":{"line":262,"column":4},"end":{"line":262,"column":47}},"89":{"start":{"line":263,"column":27},"end":{"line":268,"column":5}},"90":{"start":{"line":270,"column":4},"end":{"line":279,"column":7}},"91":{"start":{"line":272,"column":8},"end":{"line":272,"column":48}},"92":{"start":{"line":273,"column":8},"end":{"line":273,"column":27}},"93":{"start":{"line":276,"column":8},"end":{"line":276,"column":35}},"94":{"start":{"line":277,"column":8},"end":{"line":277,"column":27}},"95":{"start":{"line":278,"column":8},"end":{"line":278,"column":20}},"96":{"start":{"line":283,"column":4},"end":{"line":283,"column":30}},"97":{"start":{"line":284,"column":4},"end":{"line":284,"column":28}},"98":{"start":{"line":286,"column":4},"end":{"line":286,"column":47}},"99":{"start":{"line":287,"column":27},"end":{"line":291,"column":11}},"100":{"start":{"line":293,"column":4},"end":{"line":306,"column":12}},"101":{"start":{"line":295,"column":10},"end":{"line":295,"column":41}},"102":{"start":{"line":296,"column":10},"end":{"line":296,"column":26}},"103":{"start":{"line":297,"column":10},"end":{"line":297,"column":35}},"104":{"start":{"line":298,"column":10},"end":{"line":298,"column":37}},"105":{"start":{"line":301,"column":10},"end":{"line":301,"column":37}},"106":{"start":{"line":302,"column":10},"end":{"line":302,"column":165}},"107":{"start":{"line":303,"column":10},"end":{"line":303,"column":37}},"108":{"start":{"line":304,"column":10},"end":{"line":304,"column":35}},"109":{"start":{"line":305,"column":10},"end":{"line":305,"column":22}},"110":{"start":{"line":312,"column":4},"end":{"line":312,"column":22}},"111":{"start":{"line":313,"column":12},"end":{"line":313,"column":25}},"112":{"start":{"line":314,"column":4},"end":{"line":314,"column":36}},"113":{"start":{"line":315,"column":4},"end":{"line":315,"column":47}},"114":{"start":{"line":316,"column":27},"end":{"line":321,"column":5}},"115":{"start":{"line":323,"column":4},"end":{"line":332,"column":7}},"116":{"start":{"line":325,"column":8},"end":{"line":325,"column":45}},"117":{"start":{"line":326,"column":8},"end":{"line":326,"column":27}},"118":{"start":{"line":329,"column":8},"end":{"line":329,"column":35}},"119":{"start":{"line":330,"column":8},"end":{"line":330,"column":27}},"120":{"start":{"line":331,"column":8},"end":{"line":331,"column":20}},"121":{"start":{"line":338,"column":4},"end":{"line":338,"column":22}},"122":{"start":{"line":339,"column":12},"end":{"line":339,"column":25}},"123":{"start":{"line":340,"column":4},"end":{"line":340,"column":36}},"124":{"start":{"line":341,"column":4},"end":{"line":341,"column":47}},"125":{"start":{"line":342,"column":27},"end":{"line":347,"column":5}},"126":{"start":{"line":351,"column":4},"end":{"line":360,"column":7}},"127":{"start":{"line":353,"column":8},"end":{"line":353,"column":33}},"128":{"start":{"line":354,"column":8},"end":{"line":354,"column":27}},"129":{"start":{"line":357,"column":8},"end":{"line":357,"column":35}},"130":{"start":{"line":358,"column":8},"end":{"line":358,"column":27}},"131":{"start":{"line":359,"column":8},"end":{"line":359,"column":20}},"132":{"start":{"line":364,"column":4},"end":{"line":364,"column":22}},"133":{"start":{"line":365,"column":12},"end":{"line":365,"column":25}},"134":{"start":{"line":366,"column":4},"end":{"line":366,"column":36}},"135":{"start":{"line":367,"column":4},"end":{"line":367,"column":47}},"136":{"start":{"line":368,"column":27},"end":{"line":373,"column":5}},"137":{"start":{"line":377,"column":4},"end":{"line":386,"column":7}},"138":{"start":{"line":379,"column":8},"end":{"line":379,"column":31}},"139":{"start":{"line":380,"column":8},"end":{"line":380,"column":27}},"140":{"start":{"line":383,"column":8},"end":{"line":383,"column":35}},"141":{"start":{"line":384,"column":8},"end":{"line":384,"column":27}},"142":{"start":{"line":385,"column":8},"end":{"line":385,"column":20}},"143":{"start":{"line":390,"column":4},"end":{"line":390,"column":22}},"144":{"start":{"line":391,"column":4},"end":{"line":391,"column":47}},"145":{"start":{"line":392,"column":27},"end":{"line":396,"column":5}},"146":{"start":{"line":397,"column":4},"end":{"line":406,"column":8}},"147":{"start":{"line":399,"column":8},"end":{"line":399,"column":27}},"148":{"start":{"line":400,"column":8},"end":{"line":400,"column":35}},"149":{"start":{"line":401,"column":8},"end":{"line":401,"column":32}},"150":{"start":{"line":404,"column":8},"end":{"line":404,"column":27}},"151":{"start":{"line":405,"column":8},"end":{"line":405,"column":24}},"152":{"start":{"line":428,"column":4},"end":{"line":428,"column":33}},"153":{"start":{"line":430,"column":4},"end":{"line":430,"column":34}},"154":{"start":{"line":434,"column":4},"end":{"line":434,"column":31}},"155":{"start":{"line":438,"column":4},"end":{"line":438,"column":33}},"156":{"start":{"line":442,"column":4},"end":{"line":442,"column":26}},"157":{"start":{"line":446,"column":4},"end":{"line":446,"column":20}},"158":{"start":{"line":450,"column":4},"end":{"line":450,"column":77}},"159":{"start":{"line":451,"column":4},"end":{"line":451,"column":38}},"160":{"start":{"line":452,"column":4},"end":{"line":452,"column":40}},"161":{"start":{"line":453,"column":4},"end":{"line":453,"column":33}},"162":{"start":{"line":454,"column":4},"end":{"line":454,"column":27}},"163":{"start":{"line":458,"column":4},"end":{"line":458,"column":21}},"164":{"start":{"line":479,"column":2},"end":{"line":522,"column":3}}},"fnMap":{"0":{"name":"ContextProvider","decl":{"start":{"line":16,"column":9},"end":{"line":16,"column":24}},"loc":{"start":{"line":16,"column":37},"end":{"line":523,"column":1}},"line":16},"1":{"name":"(anonymous_1)","decl":{"start":{"line":45,"column":12},"end":{"line":45,"column":13}},"loc":{"start":{"line":45,"column":18},"end":{"line":51,"column":3}},"line":45},"2":{"name":"(anonymous_2)","decl":{"start":{"line":53,"column":12},"end":{"line":53,"column":13}},"loc":{"start":{"line":53,"column":18},"end":{"line":63,"column":3}},"line":53},"3":{"name":"(anonymous_3)","decl":{"start":{"line":56,"column":44},"end":{"line":56,"column":45}},"loc":{"start":{"line":56,"column":57},"end":{"line":62,"column":5}},"line":56},"4":{"name":"ecBtnClick","decl":{"start":{"line":65,"column":11},"end":{"line":65,"column":21}},"loc":{"start":{"line":65,"column":24},"end":{"line":92,"column":1}},"line":65},"5":{"name":"uploadToscaButton","decl":{"start":{"line":94,"column":9},"end":{"line":94,"column":26}},"loc":{"start":{"line":94,"column":29},"end":{"line":112,"column":1}},"line":94},"6":{"name":"topoBtnClick","decl":{"start":{"line":146,"column":11},"end":{"line":146,"column":23}},"loc":{"start":{"line":146,"column":26},"end":{"line":177,"column":3}},"line":146},"7":{"name":"(anonymous_7)","decl":{"start":{"line":168,"column":12},"end":{"line":168,"column":13}},"loc":{"start":{"line":168,"column":22},"end":{"line":171,"column":7}},"line":168},"8":{"name":"(anonymous_8)","decl":{"start":{"line":172,"column":13},"end":{"line":172,"column":14}},"loc":{"start":{"line":172,"column":22},"end":{"line":176,"column":7}},"line":172},"9":{"name":"planToscaBtn","decl":{"start":{"line":180,"column":11},"end":{"line":180,"column":23}},"loc":{"start":{"line":180,"column":26},"end":{"line":204,"column":3}},"line":180},"10":{"name":"(anonymous_10)","decl":{"start":{"line":194,"column":12},"end":{"line":194,"column":13}},"loc":{"start":{"line":194,"column":22},"end":{"line":198,"column":7}},"line":194},"11":{"name":"(anonymous_11)","decl":{"start":{"line":199,"column":13},"end":{"line":199,"column":14}},"loc":{"start":{"line":199,"column":22},"end":{"line":203,"column":5}},"line":199},"12":{"name":"planTopoBtn","decl":{"start":{"line":208,"column":11},"end":{"line":208,"column":22}},"loc":{"start":{"line":208,"column":25},"end":{"line":230,"column":3}},"line":208},"13":{"name":"(anonymous_13)","decl":{"start":{"line":221,"column":12},"end":{"line":221,"column":13}},"loc":{"start":{"line":221,"column":22},"end":{"line":224,"column":7}},"line":221},"14":{"name":"(anonymous_14)","decl":{"start":{"line":225,"column":13},"end":{"line":225,"column":14}},"loc":{"start":{"line":225,"column":22},"end":{"line":229,"column":5}},"line":225},"15":{"name":"provisionToscaBtn","decl":{"start":{"line":233,"column":11},"end":{"line":233,"column":28}},"loc":{"start":{"line":233,"column":31},"end":{"line":255,"column":3}},"line":233},"16":{"name":"(anonymous_16)","decl":{"start":{"line":246,"column":12},"end":{"line":246,"column":13}},"loc":{"start":{"line":246,"column":22},"end":{"line":249,"column":7}},"line":246},"17":{"name":"(anonymous_17)","decl":{"start":{"line":250,"column":13},"end":{"line":250,"column":14}},"loc":{"start":{"line":250,"column":22},"end":{"line":254,"column":5}},"line":250},"18":{"name":"findProvisioned","decl":{"start":{"line":258,"column":11},"end":{"line":258,"column":26}},"loc":{"start":{"line":258,"column":29},"end":{"line":280,"column":3}},"line":258},"19":{"name":"(anonymous_19)","decl":{"start":{"line":271,"column":12},"end":{"line":271,"column":13}},"loc":{"start":{"line":271,"column":22},"end":{"line":274,"column":7}},"line":271},"20":{"name":"(anonymous_20)","decl":{"start":{"line":275,"column":13},"end":{"line":275,"column":14}},"loc":{"start":{"line":275,"column":22},"end":{"line":279,"column":5}},"line":275},"21":{"name":"platformDeployer","decl":{"start":{"line":282,"column":11},"end":{"line":282,"column":27}},"loc":{"start":{"line":282,"column":30},"end":{"line":307,"column":3}},"line":282},"22":{"name":"(anonymous_22)","decl":{"start":{"line":294,"column":12},"end":{"line":294,"column":13}},"loc":{"start":{"line":294,"column":22},"end":{"line":299,"column":7}},"line":294},"23":{"name":"(anonymous_23)","decl":{"start":{"line":300,"column":13},"end":{"line":300,"column":14}},"loc":{"start":{"line":300,"column":22},"end":{"line":306,"column":11}},"line":300},"24":{"name":"findDeployed","decl":{"start":{"line":311,"column":11},"end":{"line":311,"column":23}},"loc":{"start":{"line":311,"column":26},"end":{"line":333,"column":3}},"line":311},"25":{"name":"(anonymous_25)","decl":{"start":{"line":324,"column":12},"end":{"line":324,"column":13}},"loc":{"start":{"line":324,"column":22},"end":{"line":327,"column":7}},"line":324},"26":{"name":"(anonymous_26)","decl":{"start":{"line":328,"column":13},"end":{"line":328,"column":14}},"loc":{"start":{"line":328,"column":22},"end":{"line":332,"column":5}},"line":328},"27":{"name":"deleteProvision","decl":{"start":{"line":337,"column":11},"end":{"line":337,"column":26}},"loc":{"start":{"line":337,"column":29},"end":{"line":361,"column":3}},"line":337},"28":{"name":"(anonymous_28)","decl":{"start":{"line":352,"column":12},"end":{"line":352,"column":13}},"loc":{"start":{"line":352,"column":22},"end":{"line":355,"column":7}},"line":352},"29":{"name":"(anonymous_29)","decl":{"start":{"line":356,"column":13},"end":{"line":356,"column":14}},"loc":{"start":{"line":356,"column":22},"end":{"line":360,"column":5}},"line":356},"30":{"name":"findDeleted","decl":{"start":{"line":363,"column":11},"end":{"line":363,"column":22}},"loc":{"start":{"line":363,"column":25},"end":{"line":387,"column":3}},"line":363},"31":{"name":"(anonymous_31)","decl":{"start":{"line":378,"column":12},"end":{"line":378,"column":13}},"loc":{"start":{"line":378,"column":22},"end":{"line":381,"column":7}},"line":378},"32":{"name":"(anonymous_32)","decl":{"start":{"line":382,"column":13},"end":{"line":382,"column":14}},"loc":{"start":{"line":382,"column":22},"end":{"line":386,"column":5}},"line":382},"33":{"name":"getAmountLayer","decl":{"start":{"line":389,"column":11},"end":{"line":389,"column":25}},"loc":{"start":{"line":389,"column":27},"end":{"line":407,"column":3}},"line":389},"34":{"name":"(anonymous_34)","decl":{"start":{"line":398,"column":12},"end":{"line":398,"column":13}},"loc":{"start":{"line":398,"column":22},"end":{"line":402,"column":7}},"line":398},"35":{"name":"(anonymous_35)","decl":{"start":{"line":403,"column":13},"end":{"line":403,"column":14}},"loc":{"start":{"line":403,"column":20},"end":{"line":406,"column":7}},"line":403},"36":{"name":"callDummyButton","decl":{"start":{"line":410,"column":11},"end":{"line":410,"column":26}},"loc":{"start":{"line":410,"column":29},"end":{"line":425,"column":3}},"line":410},"37":{"name":"cancelRequest","decl":{"start":{"line":427,"column":11},"end":{"line":427,"column":24}},"loc":{"start":{"line":427,"column":27},"end":{"line":431,"column":3}},"line":427},"38":{"name":"setPlanId","decl":{"start":{"line":433,"column":11},"end":{"line":433,"column":20}},"loc":{"start":{"line":433,"column":25},"end":{"line":435,"column":3}},"line":433},"39":{"name":"setProvisionId","decl":{"start":{"line":437,"column":11},"end":{"line":437,"column":25}},"loc":{"start":{"line":437,"column":30},"end":{"line":439,"column":3}},"line":437},"40":{"name":"setDeploymentId","decl":{"start":{"line":441,"column":11},"end":{"line":441,"column":26}},"loc":{"start":{"line":441,"column":31},"end":{"line":443,"column":3}},"line":441},"41":{"name":"setDeletedId","decl":{"start":{"line":445,"column":11},"end":{"line":445,"column":23}},"loc":{"start":{"line":445,"column":28},"end":{"line":447,"column":3}},"line":445},"42":{"name":"initialiseIds","decl":{"start":{"line":449,"column":11},"end":{"line":449,"column":24}},"loc":{"start":{"line":449,"column":27},"end":{"line":455,"column":3}},"line":449},"43":{"name":"setUserName","decl":{"start":{"line":457,"column":11},"end":{"line":457,"column":22}},"loc":{"start":{"line":457,"column":33},"end":{"line":459,"column":3}},"line":457}},"branchMap":{"0":{"loc":{"start":{"line":39,"column":18},"end":{"line":39,"column":34}},"type":"binary-expr","locations":[{"start":{"line":39,"column":18},"end":{"line":39,"column":22}},{"start":{"line":39,"column":26},"end":{"line":39,"column":34}}],"line":39},"1":{"loc":{"start":{"line":40,"column":20},"end":{"line":40,"column":38}},"type":"binary-expr","locations":[{"start":{"line":40,"column":20},"end":{"line":40,"column":24}},{"start":{"line":40,"column":28},"end":{"line":40,"column":38}}],"line":40},"2":{"loc":{"start":{"line":43,"column":2},"end":{"line":43,"column":45}},"type":"binary-expr","locations":[{"start":{"line":43,"column":2},"end":{"line":43,"column":9}},{"start":{"line":43,"column":13},"end":{"line":43,"column":45}}],"line":43},"3":{"loc":{"start":{"line":46,"column":4},"end":{"line":50,"column":5}},"type":"if","locations":[{"start":{"line":46,"column":4},"end":{"line":50,"column":5}},{"start":{"line":46,"column":4},"end":{"line":50,"column":5}}],"line":46},"4":{"loc":{"start":{"line":60,"column":7},"end":{"line":60,"column":24}},"type":"binary-expr","locations":[{"start":{"line":60,"column":7},"end":{"line":60,"column":8}},{"start":{"line":60,"column":12},"end":{"line":60,"column":24}}],"line":60}},"s":{"0":4,"1":4,"2":10,"3":10,"4":10,"5":10,"6":10,"7":10,"8":10,"9":10,"10":10,"11":10,"12":10,"13":10,"14":10,"15":10,"16":10,"17":10,"18":10,"19":10,"20":10,"21":10,"22":10,"23":10,"24":10,"25":10,"26":10,"27":2,"28":10,"29":7,"30":7,"31":7,"32":0,"33":0,"34":0,"35":0,"36":0,"37":0,"38":0,"39":0,"40":0,"41":0,"42":0,"43":0,"44":0,"45":0,"46":0,"47":0,"48":0,"49":0,"50":0,"51":0,"52":0,"53":0,"54":0,"55":0,"56":0,"57":0,"58":0,"59":0,"60":0,"61":0,"62":0,"63":0,"64":0,"65":0,"66":0,"67":0,"68":0,"69":0,"70":0,"71":0,"72":0,"73":0,"74":0,"75":0,"76":0,"77":0,"78":0,"79":0,"80":0,"81":0,"82":0,"83":0,"84":0,"85":0,"86":0,"87":0,"88":0,"89":0,"90":0,"91":0,"92":0,"93":0,"94":0,"95":0,"96":0,"97":0,"98":0,"99":0,"100":0,"101":0,"102":0,"103":0,"104":0,"105":0,"106":0,"107":0,"108":0,"109":0,"110":0,"111":0,"112":0,"113":0,"114":0,"115":0,"116":0,"117":0,"118":0,"119":0,"120":0,"121":0,"122":0,"123":0,"124":0,"125":0,"126":0,"127":0,"128":0,"129":0,"130":0,"131":0,"132":0,"133":0,"134":0,"135":0,"136":0,"137":0,"138":0,"139":0,"140":0,"141":0,"142":0,"143":0,"144":0,"145":0,"146":0,"147":0,"148":0,"149":0,"150":0,"151":0,"152":0,"153":0,"154":0,"155":0,"156":0,"157":0,"158":0,"159":0,"160":0,"161":0,"162":0,"163":0,"164":10},"f":{"0":10,"1":10,"2":7,"3":0,"4":0,"5":0,"6":0,"7":0,"8":0,"9":0,"10":0,"11":0,"12":0,"13":0,"14":0,"15":0,"16":0,"17":0,"18":0,"19":0,"20":0,"21":0,"22":0,"23":0,"24":0,"25":0,"26":0,"27":0,"28":0,"29":0,"30":0,"31":0,"32":0,"33":0,"34":0,"35":0,"36":0,"37":0,"38":0,"39":0,"40":0,"41":0,"42":0,"43":0},"b":{"0":[10,2],"1":[10,2],"2":[10,2],"3":[2,8],"4":[0,0]},"_coverageSchema":"43e27e138ebf9cfc5966b082cf9a028302ed4184","hash":"5feda11a9d469419b10114b99e416251eb40c861"}
,"C:\\Users\\Mirsat\\Desktop\\WORK\\articonf-ui\\src\\index.js": {"path":"C:\\Users\\Mirsat\\Desktop\\WORK\\articonf-ui\\src\\index.js","statementMap":{"0":{"start":{"line":17,"column":0},"end":{"line":17,"column":77}},"1":{"start":{"line":22,"column":14},"end":{"line":22,"column":73}},"2":{"start":{"line":23,"column":11},"end":{"line":23,"column":29}},"3":{"start":{"line":24,"column":0},"end":{"line":24,"column":54}},"4":{"start":{"line":26,"column":0},"end":{"line":33,"column":2}},"5":{"start":{"line":38,"column":0},"end":{"line":38,"column":27}}},"fnMap":{},"branchMap":{},"s":{"0":0,"1":0,"2":0,"3":0,"4":0,"5":0},"f":{},"b":{},"hash":"7d3bace6728e55d6243963e1b8e86dc5cd241d5c"}
,"C:\\Users\\Mirsat\\Desktop\\WORK\\articonf-ui\\src\\components\\Footer.js": {"path":"C:\\Users\\Mirsat\\Desktop\\WORK\\articonf-ui\\src\\components\\Footer.js","statementMap":{"0":{"start":{"line":6,"column":4},"end":{"line":21,"column":5}}},"fnMap":{"0":{"name":"Footer","decl":{"start":{"line":5,"column":9},"end":{"line":5,"column":15}},"loc":{"start":{"line":5,"column":18},"end":{"line":22,"column":1}},"line":5}},"branchMap":{},"s":{"0":5},"f":{"0":5},"b":{},"_coverageSchema":"43e27e138ebf9cfc5966b082cf9a028302ed4184","hash":"e4b121df82771fb33d70528f5769810d2cc6072a"}
,"C:\\Users\\Mirsat\\Desktop\\WORK\\articonf-ui\\src\\components\\Header.js": {"path":"C:\\Users\\Mirsat\\Desktop\\WORK\\articonf-ui\\src\\components\\Header.js","statementMap":{"0":{"start":{"line":9,"column":36},"end":{"line":9,"column":55}},"1":{"start":{"line":11,"column":4},"end":{"line":29,"column":5}},"2":{"start":{"line":22,"column":16},"end":{"line":22,"column":36}},"3":{"start":{"line":23,"column":16},"end":{"line":23,"column":34}}},"fnMap":{"0":{"name":"Header","decl":{"start":{"line":8,"column":24},"end":{"line":8,"column":30}},"loc":{"start":{"line":8,"column":33},"end":{"line":30,"column":1}},"line":8},"1":{"name":"(anonymous_1)","decl":{"start":{"line":21,"column":53},"end":{"line":21,"column":54}},"loc":{"start":{"line":21,"column":65},"end":{"line":24,"column":13}},"line":21}},"branchMap":{"0":{"loc":{"start":{"line":20,"column":13},"end":{"line":26,"column":58}},"type":"cond-expr","locations":[{"start":{"line":21,"column":12},"end":{"line":24,"column":30}},{"start":{"line":26,"column":12},"end":{"line":26,"column":58}}],"line":20}},"s":{"0":7,"1":7,"2":0,"3":0},"f":{"0":7,"1":0},"b":{"0":[2,5]},"_coverageSchema":"43e27e138ebf9cfc5966b082cf9a028302ed4184","hash":"7161653da58e209401394613636ebc8accb78967"}
,"C:\\Users\\Mirsat\\Desktop\\WORK\\articonf-ui\\src\\pages\\ContactUs.js": {"path":"C:\\Users\\Mirsat\\Desktop\\WORK\\articonf-ui\\src\\pages\\ContactUs.js","statementMap":{"0":{"start":{"line":7,"column":30},"end":{"line":7,"column":42}},"1":{"start":{"line":8,"column":36},"end":{"line":8,"column":51}},"2":{"start":{"line":9,"column":34},"end":{"line":9,"column":49}},"3":{"start":{"line":11,"column":4},"end":{"line":11,"column":23}},"4":{"start":{"line":12,"column":4},"end":{"line":12,"column":22}},"5":{"start":{"line":13,"column":4},"end":{"line":21,"column":9}},"6":{"start":{"line":15,"column":10},"end":{"line":15,"column":35}},"7":{"start":{"line":16,"column":10},"end":{"line":16,"column":25}},"8":{"start":{"line":17,"column":10},"end":{"line":17,"column":29}},"9":{"start":{"line":19,"column":10},"end":{"line":19,"column":34}},"10":{"start":{"line":20,"column":10},"end":{"line":20,"column":27}},"11":{"start":{"line":22,"column":6},"end":{"line":22,"column":23}},"12":{"start":{"line":25,"column":2},"end":{"line":54,"column":4}}},"fnMap":{"0":{"name":"ContactUs","decl":{"start":{"line":6,"column":24},"end":{"line":6,"column":33}},"loc":{"start":{"line":6,"column":36},"end":{"line":55,"column":1}},"line":6},"1":{"name":"sendEmail","decl":{"start":{"line":10,"column":11},"end":{"line":10,"column":20}},"loc":{"start":{"line":10,"column":24},"end":{"line":23,"column":3}},"line":10},"2":{"name":"(anonymous_2)","decl":{"start":{"line":14,"column":12},"end":{"line":14,"column":13}},"loc":{"start":{"line":14,"column":24},"end":{"line":18,"column":7}},"line":14},"3":{"name":"(anonymous_3)","decl":{"start":{"line":18,"column":9},"end":{"line":18,"column":10}},"loc":{"start":{"line":18,"column":20},"end":{"line":21,"column":7}},"line":18}},"branchMap":{"0":{"loc":{"start":{"line":50,"column":41},"end":{"line":50,"column":113}},"type":"binary-expr","locations":[{"start":{"line":50,"column":41},"end":{"line":50,"column":56}},{"start":{"line":50,"column":60},"end":{"line":50,"column":113}}],"line":50},"1":{"loc":{"start":{"line":51,"column":41},"end":{"line":51,"column":66}},"type":"binary-expr","locations":[{"start":{"line":51,"column":41},"end":{"line":51,"column":50}},{"start":{"line":51,"column":54},"end":{"line":51,"column":66}}],"line":51},"2":{"loc":{"start":{"line":52,"column":41},"end":{"line":52,"column":123}},"type":"binary-expr","locations":[{"start":{"line":52,"column":41},"end":{"line":52,"column":49}},{"start":{"line":52,"column":53},"end":{"line":52,"column":123}}],"line":52}},"s":{"0":1,"1":1,"2":1,"3":0,"4":0,"5":0,"6":0,"7":0,"8":0,"9":0,"10":0,"11":0,"12":1},"f":{"0":1,"1":0,"2":0,"3":0},"b":{"0":[1,0],"1":[1,0],"2":[1,0]},"_coverageSchema":"43e27e138ebf9cfc5966b082cf9a028302ed4184","hash":"187403b662a858202c7990b3023a00bf0aba2415"}
,"C:\\Users\\Mirsat\\Desktop\\WORK\\articonf-ui\\src\\pages\\Deploy.js": {"path":"C:\\Users\\Mirsat\\Desktop\\WORK\\articonf-ui\\src\\pages\\Deploy.js","statementMap":{"0":{"start":{"line":6,"column":4},"end":{"line":23,"column":5}}},"fnMap":{"0":{"name":"Deploy","decl":{"start":{"line":5,"column":9},"end":{"line":5,"column":15}},"loc":{"start":{"line":5,"column":18},"end":{"line":24,"column":1}},"line":5}},"branchMap":{},"s":{"0":5},"f":{"0":5},"b":{},"_coverageSchema":"43e27e138ebf9cfc5966b082cf9a028302ed4184","hash":"528a2dd2d6d7d0305f94cabc5ead43180d992724"}
,"C:\\Users\\Mirsat\\Desktop\\WORK\\articonf-ui\\src\\pages\\Deployed.js": {"path":"C:\\Users\\Mirsat\\Desktop\\WORK\\articonf-ui\\src\\pages\\Deployed.js","statementMap":{"0":{"start":{"line":26,"column":8},"end":{"line":26,"column":27}},"1":{"start":{"line":28,"column":39},"end":{"line":28,"column":51}},"2":{"start":{"line":29,"column":41},"end":{"line":29,"column":53}},"3":{"start":{"line":30,"column":39},"end":{"line":30,"column":51}},"4":{"start":{"line":31,"column":47},"end":{"line":31,"column":59}},"5":{"start":{"line":32,"column":46},"end":{"line":32,"column":58}},"6":{"start":{"line":33,"column":37},"end":{"line":33,"column":49}},"7":{"start":{"line":34,"column":36},"end":{"line":34,"column":46}},"8":{"start":{"line":35,"column":46},"end":{"line":35,"column":56}},"9":{"start":{"line":36,"column":40},"end":{"line":36,"column":50}},"10":{"start":{"line":37,"column":38},"end":{"line":37,"column":48}},"11":{"start":{"line":38,"column":34},"end":{"line":38,"column":46}},"12":{"start":{"line":39,"column":42},"end":{"line":39,"column":57}},"13":{"start":{"line":43,"column":20},"end":{"line":43,"column":122}},"14":{"start":{"line":44,"column":28},"end":{"line":44,"column":102}},"15":{"start":{"line":45,"column":26},"end":{"line":45,"column":100}},"16":{"start":{"line":46,"column":27},"end":{"line":46,"column":101}},"17":{"start":{"line":47,"column":22},"end":{"line":47,"column":96}},"18":{"start":{"line":50,"column":8},"end":{"line":50,"column":28}},"19":{"start":{"line":51,"column":8},"end":{"line":51,"column":23}},"20":{"start":{"line":52,"column":8},"end":{"line":52,"column":29}},"21":{"start":{"line":53,"column":8},"end":{"line":57,"column":16}},"22":{"start":{"line":54,"column":12},"end":{"line":54,"column":26}},"23":{"start":{"line":55,"column":12},"end":{"line":55,"column":33}},"24":{"start":{"line":56,"column":12},"end":{"line":56,"column":26}},"25":{"start":{"line":60,"column":4},"end":{"line":291,"column":5}},"26":{"start":{"line":236,"column":41},"end":{"line":236,"column":60}},"27":{"start":{"line":239,"column":124},"end":{"line":239,"column":151}},"28":{"start":{"line":244,"column":41},"end":{"line":244,"column":70}},"29":{"start":{"line":247,"column":138},"end":{"line":247,"column":170}},"30":{"start":{"line":252,"column":41},"end":{"line":252,"column":68}},"31":{"start":{"line":255,"column":136},"end":{"line":255,"column":165}},"32":{"start":{"line":260,"column":41},"end":{"line":260,"column":64}},"33":{"start":{"line":263,"column":130},"end":{"line":263,"column":158}}},"fnMap":{"0":{"name":"Deployed","decl":{"start":{"line":9,"column":9},"end":{"line":9,"column":17}},"loc":{"start":{"line":9,"column":20},"end":{"line":292,"column":1}},"line":9},"1":{"name":"eraser","decl":{"start":{"line":49,"column":13},"end":{"line":49,"column":19}},"loc":{"start":{"line":49,"column":22},"end":{"line":58,"column":5}},"line":49},"2":{"name":"(anonymous_2)","decl":{"start":{"line":53,"column":19},"end":{"line":53,"column":20}},"loc":{"start":{"line":53,"column":25},"end":{"line":57,"column":9}},"line":53},"3":{"name":"(anonymous_3)","decl":{"start":{"line":236,"column":36},"end":{"line":236,"column":37}},"loc":{"start":{"line":236,"column":41},"end":{"line":236,"column":60}},"line":236},"4":{"name":"(anonymous_4)","decl":{"start":{"line":239,"column":119},"end":{"line":239,"column":120}},"loc":{"start":{"line":239,"column":124},"end":{"line":239,"column":151}},"line":239},"5":{"name":"(anonymous_5)","decl":{"start":{"line":244,"column":36},"end":{"line":244,"column":37}},"loc":{"start":{"line":244,"column":41},"end":{"line":244,"column":70}},"line":244},"6":{"name":"(anonymous_6)","decl":{"start":{"line":247,"column":133},"end":{"line":247,"column":134}},"loc":{"start":{"line":247,"column":138},"end":{"line":247,"column":170}},"line":247},"7":{"name":"(anonymous_7)","decl":{"start":{"line":252,"column":36},"end":{"line":252,"column":37}},"loc":{"start":{"line":252,"column":41},"end":{"line":252,"column":68}},"line":252},"8":{"name":"(anonymous_8)","decl":{"start":{"line":255,"column":131},"end":{"line":255,"column":132}},"loc":{"start":{"line":255,"column":136},"end":{"line":255,"column":165}},"line":255},"9":{"name":"(anonymous_9)","decl":{"start":{"line":260,"column":36},"end":{"line":260,"column":37}},"loc":{"start":{"line":260,"column":41},"end":{"line":260,"column":64}},"line":260},"10":{"name":"(anonymous_10)","decl":{"start":{"line":263,"column":125},"end":{"line":263,"column":126}},"loc":{"start":{"line":263,"column":130},"end":{"line":263,"column":158}},"line":263}},"branchMap":{"0":{"loc":{"start":{"line":43,"column":20},"end":{"line":43,"column":122}},"type":"binary-expr","locations":[{"start":{"line":43,"column":20},"end":{"line":43,"column":30}},{"start":{"line":43,"column":34},"end":{"line":43,"column":122}}],"line":43},"1":{"loc":{"start":{"line":44,"column":28},"end":{"line":44,"column":102}},"type":"binary-expr","locations":[{"start":{"line":44,"column":28},"end":{"line":44,"column":38}},{"start":{"line":44,"column":42},"end":{"line":44,"column":102}}],"line":44},"2":{"loc":{"start":{"line":45,"column":26},"end":{"line":45,"column":100}},"type":"binary-expr","locations":[{"start":{"line":45,"column":26},"end":{"line":45,"column":36}},{"start":{"line":45,"column":40},"end":{"line":45,"column":100}}],"line":45},"3":{"loc":{"start":{"line":46,"column":27},"end":{"line":46,"column":101}},"type":"binary-expr","locations":[{"start":{"line":46,"column":27},"end":{"line":46,"column":37}},{"start":{"line":46,"column":41},"end":{"line":46,"column":101}}],"line":46},"4":{"loc":{"start":{"line":47,"column":22},"end":{"line":47,"column":96}},"type":"binary-expr","locations":[{"start":{"line":47,"column":22},"end":{"line":47,"column":32}},{"start":{"line":47,"column":36},"end":{"line":47,"column":96}}],"line":47},"5":{"loc":{"start":{"line":63,"column":34},"end":{"line":63,"column":64}},"type":"cond-expr","locations":[{"start":{"line":63,"column":48},"end":{"line":63,"column":55}},{"start":{"line":63,"column":58},"end":{"line":63,"column":64}}],"line":63},"6":{"loc":{"start":{"line":79,"column":115},"end":{"line":79,"column":141}},"type":"cond-expr","locations":[{"start":{"line":79,"column":125},"end":{"line":79,"column":132}},{"start":{"line":79,"column":135},"end":{"line":79,"column":141}}],"line":79},"7":{"loc":{"start":{"line":151,"column":54},"end":{"line":151,"column":84}},"type":"cond-expr","locations":[{"start":{"line":151,"column":69},"end":{"line":151,"column":75}},{"start":{"line":151,"column":78},"end":{"line":151,"column":84}}],"line":151},"8":{"loc":{"start":{"line":153,"column":69},"end":{"line":153,"column":99}},"type":"cond-expr","locations":[{"start":{"line":153,"column":84},"end":{"line":153,"column":90}},{"start":{"line":153,"column":93},"end":{"line":153,"column":99}}],"line":153},"9":{"loc":{"start":{"line":156,"column":69},"end":{"line":156,"column":98}},"type":"cond-expr","locations":[{"start":{"line":156,"column":83},"end":{"line":156,"column":89}},{"start":{"line":156,"column":92},"end":{"line":156,"column":98}}],"line":156},"10":{"loc":{"start":{"line":157,"column":37},"end":{"line":157,"column":65}},"type":"cond-expr","locations":[{"start":{"line":157,"column":49},"end":{"line":157,"column":56}},{"start":{"line":157,"column":59},"end":{"line":157,"column":65}}],"line":157},"11":{"loc":{"start":{"line":158,"column":37},"end":{"line":158,"column":66}},"type":"cond-expr","locations":[{"start":{"line":158,"column":50},"end":{"line":158,"column":57}},{"start":{"line":158,"column":60},"end":{"line":158,"column":66}}],"line":158},"12":{"loc":{"start":{"line":158,"column":71},"end":{"line":158,"column":235}},"type":"binary-expr","locations":[{"start":{"line":158,"column":71},"end":{"line":158,"column":83}},{"start":{"line":158,"column":87},"end":{"line":158,"column":235}}],"line":158},"13":{"loc":{"start":{"line":160,"column":16},"end":{"line":170,"column":21}},"type":"binary-expr","locations":[{"start":{"line":160,"column":16},"end":{"line":160,"column":25}},{"start":{"line":162,"column":16},"end":{"line":170,"column":21}}],"line":160},"14":{"loc":{"start":{"line":174,"column":16},"end":{"line":232,"column":22}},"type":"binary-expr","locations":[{"start":{"line":174,"column":16},"end":{"line":174,"column":26}},{"start":{"line":176,"column":16},"end":{"line":232,"column":22}}],"line":174},"15":{"loc":{"start":{"line":235,"column":38},"end":{"line":235,"column":78}},"type":"cond-expr","locations":[{"start":{"line":235,"column":62},"end":{"line":235,"column":69}},{"start":{"line":235,"column":72},"end":{"line":235,"column":78}}],"line":235},"16":{"loc":{"start":{"line":243,"column":38},"end":{"line":243,"column":80}},"type":"cond-expr","locations":[{"start":{"line":243,"column":64},"end":{"line":243,"column":71}},{"start":{"line":243,"column":74},"end":{"line":243,"column":80}}],"line":243},"17":{"loc":{"start":{"line":251,"column":38},"end":{"line":251,"column":73}},"type":"cond-expr","locations":[{"start":{"line":251,"column":57},"end":{"line":251,"column":64}},{"start":{"line":251,"column":67},"end":{"line":251,"column":73}}],"line":251},"18":{"loc":{"start":{"line":259,"column":39},"end":{"line":259,"column":68}},"type":"cond-expr","locations":[{"start":{"line":259,"column":52},"end":{"line":259,"column":59}},{"start":{"line":259,"column":62},"end":{"line":259,"column":68}}],"line":259},"19":{"loc":{"start":{"line":269,"column":16},"end":{"line":271,"column":97}},"type":"binary-expr","locations":[{"start":{"line":269,"column":16},"end":{"line":269,"column":28}},{"start":{"line":271,"column":16},"end":{"line":271,"column":97}}],"line":269},"20":{"loc":{"start":{"line":274,"column":16},"end":{"line":276,"column":101}},"type":"binary-expr","locations":[{"start":{"line":274,"column":16},"end":{"line":274,"column":27}},{"start":{"line":276,"column":16},"end":{"line":276,"column":101}}],"line":274},"21":{"loc":{"start":{"line":281,"column":16},"end":{"line":287,"column":22}},"type":"binary-expr","locations":[{"start":{"line":281,"column":16},"end":{"line":281,"column":26}},{"start":{"line":283,"column":16},"end":{"line":287,"column":22}}],"line":281}},"s":{"0":0,"1":0,"2":0,"3":0,"4":0,"5":0,"6":0,"7":0,"8":0,"9":0,"10":0,"11":0,"12":0,"13":0,"14":0,"15":0,"16":0,"17":0,"18":0,"19":0,"20":0,"21":0,"22":0,"23":0,"24":0,"25":0,"26":0,"27":0,"28":0,"29":0,"30":0,"31":0,"32":0,"33":0},"f":{"0":0,"1":0,"2":0,"3":0,"4":0,"5":0,"6":0,"7":0,"8":0,"9":0,"10":0},"b":{"0":[0,0],"1":[0,0],"2":[0,0],"3":[0,0],"4":[0,0],"5":[0,0],"6":[0,0],"7":[0,0],"8":[0,0],"9":[0,0],"10":[0,0],"11":[0,0],"12":[0,0],"13":[0,0],"14":[0,0],"15":[0,0],"16":[0,0],"17":[0,0],"18":[0,0],"19":[0,0],"20":[0,0],"21":[0,0]},"_coverageSchema":"43e27e138ebf9cfc5966b082cf9a028302ed4184","hash":"a0523e5f73193c7e850b3b9fd378f489b8844f86"}
,"C:\\Users\\Mirsat\\Desktop\\WORK\\articonf-ui\\src\\pages\\Deployment.js": {"path":"C:\\Users\\Mirsat\\Desktop\\WORK\\articonf-ui\\src\\pages\\Deployment.js","statementMap":{"0":{"start":{"line":25,"column":8},"end":{"line":25,"column":27}},"1":{"start":{"line":27,"column":18},"end":{"line":27,"column":53}},"2":{"start":{"line":28,"column":20},"end":{"line":28,"column":65}},"3":{"start":{"line":29,"column":21},"end":{"line":29,"column":39}},"4":{"start":{"line":32,"column":24},"end":{"line":32,"column":51}},"5":{"start":{"line":33,"column":21},"end":{"line":33,"column":120}},"6":{"start":{"line":34,"column":8},"end":{"line":34,"column":49}},"7":{"start":{"line":35,"column":8},"end":{"line":35,"column":48}},"8":{"start":{"line":36,"column":8},"end":{"line":36,"column":43}},"9":{"start":{"line":37,"column":8},"end":{"line":37,"column":24}},"10":{"start":{"line":40,"column":23},"end":{"line":76,"column":14}},"11":{"start":{"line":78,"column":21},"end":{"line":78,"column":96}},"12":{"start":{"line":79,"column":31},"end":{"line":79,"column":109}},"13":{"start":{"line":80,"column":28},"end":{"line":80,"column":76}},"14":{"start":{"line":81,"column":29},"end":{"line":81,"column":109}},"15":{"start":{"line":83,"column":4},"end":{"line":173,"column":5}}},"fnMap":{"0":{"name":"Deployment","decl":{"start":{"line":10,"column":9},"end":{"line":10,"column":19}},"loc":{"start":{"line":10,"column":22},"end":{"line":174,"column":1}},"line":10},"1":{"name":"downloadTxtFile","decl":{"start":{"line":31,"column":13},"end":{"line":31,"column":28}},"loc":{"start":{"line":31,"column":31},"end":{"line":38,"column":5}},"line":31}},"branchMap":{"0":{"loc":{"start":{"line":41,"column":13},"end":{"line":54,"column":82}},"type":"binary-expr","locations":[{"start":{"line":41,"column":13},"end":{"line":41,"column":30}},{"start":{"line":41,"column":35},"end":{"line":54,"column":81}}],"line":41},"1":{"loc":{"start":{"line":41,"column":35},"end":{"line":54,"column":81}},"type":"cond-expr","locations":[{"start":{"line":42,"column":24},"end":{"line":52,"column":30}},{"start":{"line":54,"column":20},"end":{"line":54,"column":81}}],"line":41},"2":{"loc":{"start":{"line":56,"column":16},"end":{"line":60,"column":22}},"type":"binary-expr","locations":[{"start":{"line":56,"column":16},"end":{"line":56,"column":36}},{"start":{"line":57,"column":16},"end":{"line":60,"column":22}}],"line":56},"3":{"loc":{"start":{"line":63,"column":16},"end":{"line":67,"column":22}},"type":"binary-expr","locations":[{"start":{"line":63,"column":16},"end":{"line":63,"column":38}},{"start":{"line":64,"column":16},"end":{"line":67,"column":22}}],"line":63},"4":{"loc":{"start":{"line":70,"column":16},"end":{"line":74,"column":22}},"type":"binary-expr","locations":[{"start":{"line":70,"column":16},"end":{"line":70,"column":31}},{"start":{"line":71,"column":16},"end":{"line":74,"column":22}}],"line":70},"5":{"loc":{"start":{"line":78,"column":21},"end":{"line":78,"column":96}},"type":"cond-expr","locations":[{"start":{"line":78,"column":84},"end":{"line":78,"column":88}},{"start":{"line":78,"column":91},"end":{"line":78,"column":96}}],"line":78},"6":{"loc":{"start":{"line":78,"column":21},"end":{"line":78,"column":81}},"type":"binary-expr","locations":[{"start":{"line":78,"column":21},"end":{"line":78,"column":42}},{"start":{"line":78,"column":46},"end":{"line":78,"column":68}},{"start":{"line":78,"column":72},"end":{"line":78,"column":81}}],"line":78},"7":{"loc":{"start":{"line":79,"column":31},"end":{"line":79,"column":109}},"type":"cond-expr","locations":[{"start":{"line":79,"column":97},"end":{"line":79,"column":101}},{"start":{"line":79,"column":104},"end":{"line":79,"column":109}}],"line":79},"8":{"loc":{"start":{"line":79,"column":31},"end":{"line":79,"column":94}},"type":"binary-expr","locations":[{"start":{"line":79,"column":31},"end":{"line":79,"column":46}},{"start":{"line":79,"column":50},"end":{"line":79,"column":73}},{"start":{"line":79,"column":77},"end":{"line":79,"column":94}}],"line":79},"9":{"loc":{"start":{"line":80,"column":28},"end":{"line":80,"column":76}},"type":"cond-expr","locations":[{"start":{"line":80,"column":64},"end":{"line":80,"column":68}},{"start":{"line":80,"column":71},"end":{"line":80,"column":76}}],"line":80},"10":{"loc":{"start":{"line":80,"column":28},"end":{"line":80,"column":61}},"type":"binary-expr","locations":[{"start":{"line":80,"column":28},"end":{"line":80,"column":48}},{"start":{"line":80,"column":52},"end":{"line":80,"column":61}}],"line":80},"11":{"loc":{"start":{"line":81,"column":29},"end":{"line":81,"column":109}},"type":"cond-expr","locations":[{"start":{"line":81,"column":97},"end":{"line":81,"column":102}},{"start":{"line":81,"column":105},"end":{"line":81,"column":109}}],"line":81},"12":{"loc":{"start":{"line":81,"column":29},"end":{"line":81,"column":94}},"type":"binary-expr","locations":[{"start":{"line":81,"column":29},"end":{"line":81,"column":49}},{"start":{"line":81,"column":53},"end":{"line":81,"column":75}},{"start":{"line":81,"column":79},"end":{"line":81,"column":94}}],"line":81},"13":{"loc":{"start":{"line":114,"column":13},"end":{"line":114,"column":161}},"type":"cond-expr","locations":[{"start":{"line":114,"column":36},"end":{"line":114,"column":96}},{"start":{"line":114,"column":99},"end":{"line":114,"column":161}}],"line":114},"14":{"loc":{"start":{"line":116,"column":13},"end":{"line":116,"column":163}},"type":"cond-expr","locations":[{"start":{"line":116,"column":38},"end":{"line":116,"column":98}},{"start":{"line":116,"column":101},"end":{"line":116,"column":163}}],"line":116},"15":{"loc":{"start":{"line":122,"column":16},"end":{"line":134,"column":26}},"type":"cond-expr","locations":[{"start":{"line":123,"column":16},"end":{"line":132,"column":22}},{"start":{"line":134,"column":16},"end":{"line":134,"column":26}}],"line":122}},"s":{"0":1,"1":1,"2":1,"3":1,"4":0,"5":0,"6":0,"7":0,"8":0,"9":0,"10":1,"11":1,"12":1,"13":1,"14":1,"15":1},"f":{"0":1,"1":0},"b":{"0":[1,0],"1":[0,0],"2":[1,0],"3":[1,0],"4":[1,0],"5":[1,0],"6":[1,0,0],"7":[1,0],"8":[1,1,0],"9":[0,1],"10":[1,1],"11":[0,1],"12":[1,1,1],"13":[0,1],"14":[0,1],"15":[0,1]},"_coverageSchema":"43e27e138ebf9cfc5966b082cf9a028302ed4184","hash":"1d10d7aaea2fba55f4d4399eee4534a0bcc30be6"}
,"C:\\Users\\Mirsat\\Desktop\\WORK\\articonf-ui\\src\\pages\\Home.js": {"path":"C:\\Users\\Mirsat\\Desktop\\WORK\\articonf-ui\\src\\pages\\Home.js","statementMap":{"0":{"start":{"line":6,"column":4},"end":{"line":35,"column":5}}},"fnMap":{"0":{"name":"Home","decl":{"start":{"line":5,"column":9},"end":{"line":5,"column":13}},"loc":{"start":{"line":5,"column":16},"end":{"line":36,"column":1}},"line":5}},"branchMap":{},"s":{"0":4},"f":{"0":4},"b":{},"_coverageSchema":"43e27e138ebf9cfc5966b082cf9a028302ed4184","hash":"3b7c4505af6a86289079df7f1301a527d9b225e5"}
,"C:\\Users\\Mirsat\\Desktop\\WORK\\articonf-ui\\src\\pages\\Login.js": {"path":"C:\\Users\\Mirsat\\Desktop\\WORK\\articonf-ui\\src\\pages\\Login.js","statementMap":{"0":{"start":{"line":11,"column":14},"end":{"line":106,"column":1}},"1":{"start":{"line":21,"column":36},"end":{"line":21,"column":50}},"2":{"start":{"line":22,"column":34},"end":{"line":22,"column":46}},"3":{"start":{"line":24,"column":2},"end":{"line":31,"column":8}},"4":{"start":{"line":25,"column":21},"end":{"line":25,"column":54}},"5":{"start":{"line":26,"column":4},"end":{"line":30,"column":6}},"6":{"start":{"line":28,"column":14},"end":{"line":28,"column":36}},"7":{"start":{"line":29,"column":6},"end":{"line":29,"column":21}},"8":{"start":{"line":32,"column":36},"end":{"line":32,"column":51}},"9":{"start":{"line":33,"column":22},"end":{"line":50,"column":3}},"10":{"start":{"line":35,"column":6},"end":{"line":35,"column":29}},"11":{"start":{"line":36,"column":6},"end":{"line":36,"column":24}},"12":{"start":{"line":37,"column":34},"end":{"line":37,"column":55}},"13":{"start":{"line":38,"column":6},"end":{"line":47,"column":7}},"14":{"start":{"line":40,"column":8},"end":{"line":42,"column":67}},"15":{"start":{"line":43,"column":8},"end":{"line":43,"column":38}},"16":{"start":{"line":45,"column":8},"end":{"line":45,"column":34}},"17":{"start":{"line":46,"column":8},"end":{"line":46,"column":27}},"18":{"start":{"line":52,"column":26},"end":{"line":52,"column":45}},"19":{"start":{"line":54,"column":2},"end":{"line":56,"column":3}},"20":{"start":{"line":55,"column":4},"end":{"line":55,"column":43}},"21":{"start":{"line":58,"column":2},"end":{"line":105,"column":4}}},"fnMap":{"0":{"name":"(anonymous_0)","decl":{"start":{"line":11,"column":14},"end":{"line":11,"column":15}},"loc":{"start":{"line":11,"column":31},"end":{"line":106,"column":1}},"line":11},"1":{"name":"(anonymous_1)","decl":{"start":{"line":24,"column":12},"end":{"line":24,"column":13}},"loc":{"start":{"line":24,"column":18},"end":{"line":31,"column":3}},"line":24},"2":{"name":"(anonymous_2)","decl":{"start":{"line":27,"column":10},"end":{"line":27,"column":11}},"loc":{"start":{"line":27,"column":22},"end":{"line":30,"column":5}},"line":27},"3":{"name":"(anonymous_3)","decl":{"start":{"line":34,"column":4},"end":{"line":34,"column":5}},"loc":{"start":{"line":34,"column":19},"end":{"line":48,"column":5}},"line":34}},"branchMap":{"0":{"loc":{"start":{"line":54,"column":2},"end":{"line":56,"column":3}},"type":"if","locations":[{"start":{"line":54,"column":2},"end":{"line":56,"column":3}},{"start":{"line":54,"column":2},"end":{"line":56,"column":3}}],"line":54},"1":{"loc":{"start":{"line":80,"column":8},"end":{"line":90,"column":14}},"type":"binary-expr","locations":[{"start":{"line":80,"column":8},"end":{"line":80,"column":17}},{"start":{"line":82,"column":8},"end":{"line":90,"column":14}}],"line":80},"2":{"loc":{"start":{"line":93,"column":8},"end":{"line":99,"column":14}},"type":"binary-expr","locations":[{"start":{"line":93,"column":8},"end":{"line":93,"column":16}},{"start":{"line":95,"column":8},"end":{"line":99,"column":14}}],"line":93}},"s":{"0":4,"1":13,"2":13,"3":13,"4":9,"5":9,"6":5,"7":5,"8":13,"9":13,"10":0,"11":0,"12":0,"13":0,"14":0,"15":0,"16":0,"17":0,"18":13,"19":13,"20":2,"21":11},"f":{"0":13,"1":9,"2":5,"3":0},"b":{"0":[2,11],"1":[11,0],"2":[11,0]},"_coverageSchema":"43e27e138ebf9cfc5966b082cf9a028302ed4184","hash":"8ad29fac06ebe7586bf395e670aa055506017569"}
,"C:\\Users\\Mirsat\\Desktop\\WORK\\articonf-ui\\src\\pages\\SingUp.js": {"path":"C:\\Users\\Mirsat\\Desktop\\WORK\\articonf-ui\\src\\pages\\SingUp.js","statementMap":{"0":{"start":{"line":8,"column":15},"end":{"line":78,"column":1}},"1":{"start":{"line":9,"column":44},"end":{"line":9,"column":59}},"2":{"start":{"line":10,"column":23},"end":{"line":23,"column":15}},"3":{"start":{"line":11,"column":4},"end":{"line":11,"column":27}},"4":{"start":{"line":12,"column":4},"end":{"line":12,"column":26}},"5":{"start":{"line":13,"column":32},"end":{"line":13,"column":53}},"6":{"start":{"line":14,"column":4},"end":{"line":22,"column":5}},"7":{"start":{"line":15,"column":6},"end":{"line":17,"column":69}},"8":{"start":{"line":18,"column":6},"end":{"line":18,"column":36}},"9":{"start":{"line":20,"column":6},"end":{"line":20,"column":19}},"10":{"start":{"line":21,"column":6},"end":{"line":21,"column":29}},"11":{"start":{"line":41,"column":2},"end":{"line":77,"column":4}}},"fnMap":{"0":{"name":"(anonymous_0)","decl":{"start":{"line":8,"column":15},"end":{"line":8,"column":16}},"loc":{"start":{"line":8,"column":32},"end":{"line":78,"column":1}},"line":8},"1":{"name":"(anonymous_1)","decl":{"start":{"line":10,"column":35},"end":{"line":10,"column":36}},"loc":{"start":{"line":10,"column":50},"end":{"line":23,"column":3}},"line":10}},"branchMap":{"0":{"loc":{"start":{"line":63,"column":8},"end":{"line":73,"column":14}},"type":"binary-expr","locations":[{"start":{"line":63,"column":8},"end":{"line":63,"column":21}},{"start":{"line":65,"column":8},"end":{"line":73,"column":14}}],"line":63}},"s":{"0":3,"1":0,"2":0,"3":0,"4":0,"5":0,"6":0,"7":0,"8":0,"9":0,"10":0,"11":0},"f":{"0":0,"1":0},"b":{"0":[0,0]},"_coverageSchema":"43e27e138ebf9cfc5966b082cf9a028302ed4184","hash":"9e3100fd4f132e34c6c00f6bd3f1930e24025f19"}
,"C:\\Users\\Mirsat\\Desktop\\WORK\\articonf-ui\\src\\pages\\TokenBank.js": {"path":"C:\\Users\\Mirsat\\Desktop\\WORK\\articonf-ui\\src\\pages\\TokenBank.js","statementMap":{"0":{"start":{"line":11,"column":26},"end":{"line":11,"column":45}},"1":{"start":{"line":13,"column":36},"end":{"line":13,"column":48}},"2":{"start":{"line":14,"column":40},"end":{"line":14,"column":54}},"3":{"start":{"line":15,"column":54},"end":{"line":15,"column":68}},"4":{"start":{"line":16,"column":56},"end":{"line":16,"column":70}},"5":{"start":{"line":17,"column":22},"end":{"line":17,"column":81}},"6":{"start":{"line":18,"column":20},"end":{"line":18,"column":81}},"7":{"start":{"line":20,"column":19},"end":{"line":23,"column":6}},"8":{"start":{"line":25,"column":4},"end":{"line":34,"column":9}},"9":{"start":{"line":29,"column":8},"end":{"line":33,"column":9}},"10":{"start":{"line":30,"column":10},"end":{"line":30,"column":58}},"11":{"start":{"line":32,"column":10},"end":{"line":32,"column":37}},"12":{"start":{"line":37,"column":8},"end":{"line":53,"column":50}},"13":{"start":{"line":52,"column":26},"end":{"line":52,"column":79}},"14":{"start":{"line":53,"column":27},"end":{"line":53,"column":47}},"15":{"start":{"line":55,"column":8},"end":{"line":72,"column":13}},"16":{"start":{"line":70,"column":26},"end":{"line":70,"column":88}},"17":{"start":{"line":71,"column":27},"end":{"line":71,"column":47}},"18":{"start":{"line":73,"column":8},"end":{"line":90,"column":13}},"19":{"start":{"line":88,"column":26},"end":{"line":88,"column":87}},"20":{"start":{"line":89,"column":27},"end":{"line":89,"column":47}},"21":{"start":{"line":99,"column":4},"end":{"line":149,"column":5}},"22":{"start":{"line":139,"column":84},"end":{"line":139,"column":111}}},"fnMap":{"0":{"name":"TokenBank","decl":{"start":{"line":10,"column":9},"end":{"line":10,"column":18}},"loc":{"start":{"line":10,"column":21},"end":{"line":150,"column":1}},"line":10},"1":{"name":"(anonymous_1)","decl":{"start":{"line":28,"column":9},"end":{"line":28,"column":10}},"loc":{"start":{"line":28,"column":26},"end":{"line":34,"column":7}},"line":28},"2":{"name":"esAggs","decl":{"start":{"line":36,"column":15},"end":{"line":36,"column":21}},"loc":{"start":{"line":36,"column":24},"end":{"line":91,"column":7}},"line":36},"3":{"name":"(anonymous_3)","decl":{"start":{"line":52,"column":16},"end":{"line":52,"column":17}},"loc":{"start":{"line":52,"column":24},"end":{"line":52,"column":81}},"line":52},"4":{"name":"(anonymous_4)","decl":{"start":{"line":53,"column":16},"end":{"line":53,"column":17}},"loc":{"start":{"line":53,"column":25},"end":{"line":53,"column":49}},"line":53},"5":{"name":"(anonymous_5)","decl":{"start":{"line":70,"column":16},"end":{"line":70,"column":17}},"loc":{"start":{"line":70,"column":24},"end":{"line":70,"column":90}},"line":70},"6":{"name":"(anonymous_6)","decl":{"start":{"line":71,"column":16},"end":{"line":71,"column":17}},"loc":{"start":{"line":71,"column":25},"end":{"line":71,"column":49}},"line":71},"7":{"name":"(anonymous_7)","decl":{"start":{"line":88,"column":16},"end":{"line":88,"column":17}},"loc":{"start":{"line":88,"column":24},"end":{"line":88,"column":89}},"line":88},"8":{"name":"(anonymous_8)","decl":{"start":{"line":89,"column":16},"end":{"line":89,"column":17}},"loc":{"start":{"line":89,"column":25},"end":{"line":89,"column":49}},"line":89},"9":{"name":"(anonymous_9)","decl":{"start":{"line":139,"column":79},"end":{"line":139,"column":80}},"loc":{"start":{"line":139,"column":84},"end":{"line":139,"column":111}},"line":139}},"branchMap":{"0":{"loc":{"start":{"line":17,"column":22},"end":{"line":17,"column":81}},"type":"binary-expr","locations":[{"start":{"line":17,"column":22},"end":{"line":17,"column":39}},{"start":{"line":17,"column":43},"end":{"line":17,"column":81}}],"line":17},"1":{"loc":{"start":{"line":18,"column":20},"end":{"line":18,"column":81}},"type":"binary-expr","locations":[{"start":{"line":18,"column":20},"end":{"line":18,"column":38}},{"start":{"line":18,"column":42},"end":{"line":18,"column":81}}],"line":18},"2":{"loc":{"start":{"line":29,"column":8},"end":{"line":33,"column":9}},"type":"if","locations":[{"start":{"line":29,"column":8},"end":{"line":33,"column":9}},{"start":{"line":29,"column":8},"end":{"line":33,"column":9}}],"line":29},"3":{"loc":{"start":{"line":138,"column":37},"end":{"line":138,"column":67}},"type":"cond-expr","locations":[{"start":{"line":138,"column":51},"end":{"line":138,"column":58}},{"start":{"line":138,"column":61},"end":{"line":138,"column":67}}],"line":138},"4":{"loc":{"start":{"line":139,"column":17},"end":{"line":139,"column":220}},"type":"binary-expr","locations":[{"start":{"line":139,"column":18},"end":{"line":139,"column":35}},{"start":{"line":139,"column":39},"end":{"line":139,"column":57}},{"start":{"line":139,"column":62},"end":{"line":139,"column":220}}],"line":139},"5":{"loc":{"start":{"line":141,"column":20},"end":{"line":145,"column":26}},"type":"binary-expr","locations":[{"start":{"line":141,"column":21},"end":{"line":141,"column":38}},{"start":{"line":141,"column":42},"end":{"line":141,"column":60}},{"start":{"line":142,"column":20},"end":{"line":145,"column":26}}],"line":141}},"s":{"0":0,"1":0,"2":0,"3":0,"4":0,"5":0,"6":0,"7":0,"8":0,"9":0,"10":0,"11":0,"12":0,"13":0,"14":0,"15":0,"16":0,"17":0,"18":0,"19":0,"20":0,"21":0,"22":0},"f":{"0":0,"1":0,"2":0,"3":0,"4":0,"5":0,"6":0,"7":0,"8":0,"9":0},"b":{"0":[0,0],"1":[0,0],"2":[0,0],"3":[0,0],"4":[0,0,0],"5":[0,0,0]},"_coverageSchema":"43e27e138ebf9cfc5966b082cf9a028302ed4184","hash":"1342457ec0f58905e766ec0d1321a2a1a15838a7"}
}
