TN:
SF:C:\Users\Mirsat\Desktop\WORK\articonf-ui\src\Context.js
FN:16,ContextProvider
FN:45,(anonymous_1)
FN:53,(anonymous_2)
FN:56,(anonymous_3)
FN:65,ecBtnClick
FN:94,uploadToscaButton
FN:146,topoBtnClick
FN:168,(anonymous_7)
FN:172,(anonymous_8)
FN:180,planToscaBtn
FN:194,(anonymous_10)
FN:199,(anonymous_11)
FN:208,planTopoBtn
FN:221,(anonymous_13)
FN:225,(anonymous_14)
FN:233,provisionToscaBtn
FN:246,(anonymous_16)
FN:250,(anonymous_17)
FN:258,findProvisioned
FN:271,(anonymous_19)
FN:275,(anonymous_20)
FN:282,platformDeployer
FN:294,(anonymous_22)
FN:300,(anonymous_23)
FN:311,findDeployed
FN:324,(anonymous_25)
FN:328,(anonymous_26)
FN:337,deleteProvision
FN:352,(anonymous_28)
FN:356,(anonymous_29)
FN:363,findDeleted
FN:378,(anonymous_31)
FN:382,(anonymous_32)
FN:389,getAmountLayer
FN:398,(anonymous_34)
FN:403,(anonymous_35)
FN:410,callDummyButton
FN:427,cancelRequest
FN:433,setPlanId
FN:437,setProvisionId
FN:441,setDeploymentId
FN:445,setDeletedId
FN:449,initialiseIds
FN:457,setUserName
FNF:44
FNH:3
FNDA:10,ContextProvider
FNDA:10,(anonymous_1)
FNDA:7,(anonymous_2)
FNDA:0,(anonymous_3)
FNDA:0,ecBtnClick
FNDA:0,uploadToscaButton
FNDA:0,topoBtnClick
FNDA:0,(anonymous_7)
FNDA:0,(anonymous_8)
FNDA:0,planToscaBtn
FNDA:0,(anonymous_10)
FNDA:0,(anonymous_11)
FNDA:0,planTopoBtn
FNDA:0,(anonymous_13)
FNDA:0,(anonymous_14)
FNDA:0,provisionToscaBtn
FNDA:0,(anonymous_16)
FNDA:0,(anonymous_17)
FNDA:0,findProvisioned
FNDA:0,(anonymous_19)
FNDA:0,(anonymous_20)
FNDA:0,platformDeployer
FNDA:0,(anonymous_22)
FNDA:0,(anonymous_23)
FNDA:0,findDeployed
FNDA:0,(anonymous_25)
FNDA:0,(anonymous_26)
FNDA:0,deleteProvision
FNDA:0,(anonymous_28)
FNDA:0,(anonymous_29)
FNDA:0,findDeleted
FNDA:0,(anonymous_31)
FNDA:0,(anonymous_32)
FNDA:0,getAmountLayer
FNDA:0,(anonymous_34)
FNDA:0,(anonymous_35)
FNDA:0,callDummyButton
FNDA:0,cancelRequest
FNDA:0,setPlanId
FNDA:0,setProvisionId
FNDA:0,setDeploymentId
FNDA:0,setDeletedId
FNDA:0,initialiseIds
FNDA:0,setUserName
DA:13,4
DA:14,4
DA:17,10
DA:18,10
DA:19,10
DA:20,10
DA:21,10
DA:22,10
DA:23,10
DA:24,10
DA:25,10
DA:26,10
DA:27,10
DA:28,10
DA:29,10
DA:30,10
DA:31,10
DA:33,10
DA:34,10
DA:36,10
DA:38,10
DA:39,10
DA:40,10
DA:42,10
DA:43,10
DA:45,10
DA:46,10
DA:47,2
DA:53,10
DA:54,7
DA:55,7
DA:56,7
DA:57,0
DA:58,0
DA:59,0
DA:60,0
DA:61,0
DA:91,0
DA:111,0
DA:147,0
DA:148,0
DA:149,0
DA:150,0
DA:154,0
DA:156,0
DA:167,0
DA:169,0
DA:170,0
DA:173,0
DA:174,0
DA:175,0
DA:181,0
DA:182,0
DA:183,0
DA:184,0
DA:186,0
DA:193,0
DA:195,0
DA:196,0
DA:197,0
DA:200,0
DA:201,0
DA:202,0
DA:209,0
DA:210,0
DA:211,0
DA:212,0
DA:213,0
DA:220,0
DA:222,0
DA:223,0
DA:226,0
DA:227,0
DA:228,0
DA:234,0
DA:235,0
DA:236,0
DA:237,0
DA:238,0
DA:245,0
DA:247,0
DA:248,0
DA:251,0
DA:252,0
DA:253,0
DA:259,0
DA:260,0
DA:261,0
DA:262,0
DA:263,0
DA:270,0
DA:272,0
DA:273,0
DA:276,0
DA:277,0
DA:278,0
DA:283,0
DA:284,0
DA:286,0
DA:287,0
DA:293,0
DA:295,0
DA:296,0
DA:297,0
DA:298,0
DA:301,0
DA:302,0
DA:303,0
DA:304,0
DA:305,0
DA:312,0
DA:313,0
DA:314,0
DA:315,0
DA:316,0
DA:323,0
DA:325,0
DA:326,0
DA:329,0
DA:330,0
DA:331,0
DA:338,0
DA:339,0
DA:340,0
DA:341,0
DA:342,0
DA:351,0
DA:353,0
DA:354,0
DA:357,0
DA:358,0
DA:359,0
DA:364,0
DA:365,0
DA:366,0
DA:367,0
DA:368,0
DA:377,0
DA:379,0
DA:380,0
DA:383,0
DA:384,0
DA:385,0
DA:390,0
DA:391,0
DA:392,0
DA:397,0
DA:399,0
DA:400,0
DA:401,0
DA:404,0
DA:405,0
DA:428,0
DA:430,0
DA:434,0
DA:438,0
DA:442,0
DA:446,0
DA:450,0
DA:451,0
DA:452,0
DA:453,0
DA:454,0
DA:458,0
DA:479,10
LF:165
LH:33
BRDA:39,0,0,10
BRDA:39,0,1,2
BRDA:40,1,0,10
BRDA:40,1,1,2
BRDA:43,2,0,10
BRDA:43,2,1,2
BRDA:46,3,0,2
BRDA:46,3,1,8
BRDA:60,4,0,0
BRDA:60,4,1,0
BRF:10
BRH:8
end_of_record
TN:
SF:C:\Users\Mirsat\Desktop\WORK\articonf-ui\src\index.js
FNF:0
FNH:0
DA:17,0
DA:22,0
DA:23,0
DA:24,0
DA:26,0
DA:38,0
LF:6
LH:0
BRF:0
BRH:0
end_of_record
TN:
SF:C:\Users\Mirsat\Desktop\WORK\articonf-ui\src\components\Footer.js
FN:5,Footer
FNF:1
FNH:1
FNDA:5,Footer
DA:6,5
LF:1
LH:1
BRF:0
BRH:0
end_of_record
TN:
SF:C:\Users\Mirsat\Desktop\WORK\articonf-ui\src\components\Header.js
FN:8,Header
FN:21,(anonymous_1)
FNF:2
FNH:1
FNDA:7,Header
FNDA:0,(anonymous_1)
DA:9,7
DA:11,7
DA:22,0
DA:23,0
LF:4
LH:2
BRDA:20,0,0,2
BRDA:20,0,1,5
BRF:2
BRH:2
end_of_record
TN:
SF:C:\Users\Mirsat\Desktop\WORK\articonf-ui\src\pages\ContactUs.js
FN:6,ContactUs
FN:10,sendEmail
FN:14,(anonymous_2)
FN:18,(anonymous_3)
FNF:4
FNH:1
FNDA:1,ContactUs
FNDA:0,sendEmail
FNDA:0,(anonymous_2)
FNDA:0,(anonymous_3)
DA:7,1
DA:8,1
DA:9,1
DA:11,0
DA:12,0
DA:13,0
DA:15,0
DA:16,0
DA:17,0
DA:19,0
DA:20,0
DA:22,0
DA:25,1
LF:13
LH:4
BRDA:50,0,0,1
BRDA:50,0,1,0
BRDA:51,1,0,1
BRDA:51,1,1,0
BRDA:52,2,0,1
BRDA:52,2,1,0
BRF:6
BRH:3
end_of_record
TN:
SF:C:\Users\Mirsat\Desktop\WORK\articonf-ui\src\pages\Deploy.js
FN:5,Deploy
FNF:1
FNH:1
FNDA:5,Deploy
DA:6,5
LF:1
LH:1
BRF:0
BRH:0
end_of_record
TN:
SF:C:\Users\Mirsat\Desktop\WORK\articonf-ui\src\pages\Deployed.js
FN:9,Deployed
FN:49,eraser
FN:53,(anonymous_2)
FN:236,(anonymous_3)
FN:239,(anonymous_4)
FN:244,(anonymous_5)
FN:247,(anonymous_6)
FN:252,(anonymous_7)
FN:255,(anonymous_8)
FN:260,(anonymous_9)
FN:263,(anonymous_10)
FNF:11
FNH:0
FNDA:0,Deployed
FNDA:0,eraser
FNDA:0,(anonymous_2)
FNDA:0,(anonymous_3)
FNDA:0,(anonymous_4)
FNDA:0,(anonymous_5)
FNDA:0,(anonymous_6)
FNDA:0,(anonymous_7)
FNDA:0,(anonymous_8)
FNDA:0,(anonymous_9)
FNDA:0,(anonymous_10)
DA:26,0
DA:28,0
DA:29,0
DA:30,0
DA:31,0
DA:32,0
DA:33,0
DA:34,0
DA:35,0
DA:36,0
DA:37,0
DA:38,0
DA:39,0
DA:43,0
DA:44,0
DA:45,0
DA:46,0
DA:47,0
DA:50,0
DA:51,0
DA:52,0
DA:53,0
DA:54,0
DA:55,0
DA:56,0
DA:60,0
DA:236,0
DA:239,0
DA:244,0
DA:247,0
DA:252,0
DA:255,0
DA:260,0
DA:263,0
LF:34
LH:0
BRDA:43,0,0,0
BRDA:43,0,1,0
BRDA:44,1,0,0
BRDA:44,1,1,0
BRDA:45,2,0,0
BRDA:45,2,1,0
BRDA:46,3,0,0
BRDA:46,3,1,0
BRDA:47,4,0,0
BRDA:47,4,1,0
BRDA:63,5,0,0
BRDA:63,5,1,0
BRDA:79,6,0,0
BRDA:79,6,1,0
BRDA:151,7,0,0
BRDA:151,7,1,0
BRDA:153,8,0,0
BRDA:153,8,1,0
BRDA:156,9,0,0
BRDA:156,9,1,0
BRDA:157,10,0,0
BRDA:157,10,1,0
BRDA:158,11,0,0
BRDA:158,11,1,0
BRDA:158,12,0,0
BRDA:158,12,1,0
BRDA:160,13,0,0
BRDA:160,13,1,0
BRDA:174,14,0,0
BRDA:174,14,1,0
BRDA:235,15,0,0
BRDA:235,15,1,0
BRDA:243,16,0,0
BRDA:243,16,1,0
BRDA:251,17,0,0
BRDA:251,17,1,0
BRDA:259,18,0,0
BRDA:259,18,1,0
BRDA:269,19,0,0
BRDA:269,19,1,0
BRDA:274,20,0,0
BRDA:274,20,1,0
BRDA:281,21,0,0
BRDA:281,21,1,0
BRF:44
BRH:0
end_of_record
TN:
SF:C:\Users\Mirsat\Desktop\WORK\articonf-ui\src\pages\Deployment.js
FN:10,Deployment
FN:31,downloadTxtFile
FNF:2
FNH:1
FNDA:1,Deployment
FNDA:0,downloadTxtFile
DA:25,1
DA:27,1
DA:28,1
DA:29,1
DA:32,0
DA:33,0
DA:34,0
DA:35,0
DA:36,0
DA:37,0
DA:40,1
DA:78,1
DA:79,1
DA:80,1
DA:81,1
DA:83,1
LF:16
LH:10
BRDA:41,0,0,1
BRDA:41,0,1,0
BRDA:41,1,0,0
BRDA:41,1,1,0
BRDA:56,2,0,1
BRDA:56,2,1,0
BRDA:63,3,0,1
BRDA:63,3,1,0
BRDA:70,4,0,1
BRDA:70,4,1,0
BRDA:78,5,0,1
BRDA:78,5,1,0
BRDA:78,6,0,1
BRDA:78,6,1,0
BRDA:78,6,2,0
BRDA:79,7,0,1
BRDA:79,7,1,0
BRDA:79,8,0,1
BRDA:79,8,1,1
BRDA:79,8,2,0
BRDA:80,9,0,0
BRDA:80,9,1,1
BRDA:80,10,0,1
BRDA:80,10,1,1
BRDA:81,11,0,0
BRDA:81,11,1,1
BRDA:81,12,0,1
BRDA:81,12,1,1
BRDA:81,12,2,1
BRDA:114,13,0,0
BRDA:114,13,1,1
BRDA:116,14,0,0
BRDA:116,14,1,1
BRDA:122,15,0,0
BRDA:122,15,1,1
BRF:35
BRH:19
end_of_record
TN:
SF:C:\Users\Mirsat\Desktop\WORK\articonf-ui\src\pages\Home.js
FN:5,Home
FNF:1
FNH:1
FNDA:4,Home
DA:6,4
LF:1
LH:1
BRF:0
BRH:0
end_of_record
TN:
SF:C:\Users\Mirsat\Desktop\WORK\articonf-ui\src\pages\Login.js
FN:11,(anonymous_0)
FN:24,(anonymous_1)
FN:27,(anonymous_2)
FN:34,(anonymous_3)
FNF:4
FNH:3
FNDA:13,(anonymous_0)
FNDA:9,(anonymous_1)
FNDA:5,(anonymous_2)
FNDA:0,(anonymous_3)
DA:11,4
DA:21,13
DA:22,13
DA:24,13
DA:25,9
DA:26,9
DA:28,5
DA:29,5
DA:32,13
DA:33,13
DA:35,0
DA:36,0
DA:37,0
DA:38,0
DA:40,0
DA:43,0
DA:45,0
DA:46,0
DA:52,13
DA:54,13
DA:55,2
DA:58,11
LF:22
LH:14
BRDA:54,0,0,2
BRDA:54,0,1,11
BRDA:80,1,0,11
BRDA:80,1,1,0
BRDA:93,2,0,11
BRDA:93,2,1,0
BRF:6
BRH:4
end_of_record
TN:
SF:C:\Users\Mirsat\Desktop\WORK\articonf-ui\src\pages\SingUp.js
FN:8,(anonymous_0)
FN:10,(anonymous_1)
FNF:2
FNH:0
FNDA:0,(anonymous_0)
FNDA:0,(anonymous_1)
DA:8,3
DA:9,0
DA:10,0
DA:11,0
DA:12,0
DA:13,0
DA:14,0
DA:15,0
DA:18,0
DA:20,0
DA:21,0
DA:41,0
LF:12
LH:1
BRDA:63,0,0,0
BRDA:63,0,1,0
BRF:2
BRH:0
end_of_record
TN:
SF:C:\Users\Mirsat\Desktop\WORK\articonf-ui\src\pages\TokenBank.js
FN:10,TokenBank
FN:28,(anonymous_1)
FN:36,esAggs
FN:52,(anonymous_3)
FN:53,(anonymous_4)
FN:70,(anonymous_5)
FN:71,(anonymous_6)
FN:88,(anonymous_7)
FN:89,(anonymous_8)
FN:139,(anonymous_9)
FNF:10
FNH:0
FNDA:0,TokenBank
FNDA:0,(anonymous_1)
FNDA:0,esAggs
FNDA:0,(anonymous_3)
FNDA:0,(anonymous_4)
FNDA:0,(anonymous_5)
FNDA:0,(anonymous_6)
FNDA:0,(anonymous_7)
FNDA:0,(anonymous_8)
FNDA:0,(anonymous_9)
DA:11,0
DA:13,0
DA:14,0
DA:15,0
DA:16,0
DA:17,0
DA:18,0
DA:20,0
DA:25,0
DA:29,0
DA:30,0
DA:32,0
DA:37,0
DA:52,0
DA:53,0
DA:55,0
DA:70,0
DA:71,0
DA:73,0
DA:88,0
DA:89,0
DA:99,0
DA:139,0
LF:23
LH:0
BRDA:17,0,0,0
BRDA:17,0,1,0
BRDA:18,1,0,0
BRDA:18,1,1,0
BRDA:29,2,0,0
BRDA:29,2,1,0
BRDA:138,3,0,0
BRDA:138,3,1,0
BRDA:139,4,0,0
BRDA:139,4,1,0
BRDA:139,4,2,0
BRDA:141,5,0,0
BRDA:141,5,1,0
BRDA:141,5,2,0
BRF:14
BRH:0
end_of_record
